Start testing: Apr 28 16:56 IST
----------------------------------------------------------
Unable to find executable: /Users/shashank/Downloads/orderbook-matching-engine-master/bin/market_test
1/1 Testing: market_test
1/1 Test: market_test
Command: ""
Directory: /Users/shashank/Downloads/orderbook-matching-engine-master/bin
"market_test" start time: 
Output:
----------------------------------------------------------
<end of output>
Test time =   0.00 sec
----------------------------------------------------------
Test Passed.
"market_test" end time: Apr 28 16:56 IST
"market_test" time elapsed: 00:00:00
----------------------------------------------------------

End testing: Apr 28 16:56 IST
